<?xml version="1.0" encoding="UTF-8"?>
<testsuite xmlns:xsi="http://www.w3.org/2001/XMLSchema-instance" xsi:noNamespaceSchemaLocation="https://maven.apache.org/surefire/maven-surefire-plugin/xsd/surefire-test-report-3.0.xsd" version="3.0" name="TestSuite" time="45.333" tests="1" errors="0" skipped="0" failures="0">
  <properties>
    <property name="gopherProxySet" value="false"/>
    <property name="awt.toolkit" value="sun.lwawt.macosx.LWCToolkit"/>
    <property name="java.specification.version" value="11"/>
    <property name="webdriver.chrome.driver" value="src/test/resource/drivers/chromedriver"/>
    <property name="sun.cpu.isalist" value=""/>
    <property name="sun.jnu.encoding" value="UTF-8"/>
    <property name="java.class.path" value="/Users/taseerahmad/Desktop/patchwork/target/test-classes:/Users/taseerahmad/Desktop/patchwork/target/classes:/Users/taseerahmad/.m2/repository/org/seleniumhq/selenium/selenium-java/3.11.0/selenium-java-3.11.0.jar:/Users/taseerahmad/.m2/repository/org/seleniumhq/selenium/selenium-api/3.11.0/selenium-api-3.11.0.jar:/Users/taseerahmad/.m2/repository/org/seleniumhq/selenium/selenium-chrome-driver/3.11.0/selenium-chrome-driver-3.11.0.jar:/Users/taseerahmad/.m2/repository/org/seleniumhq/selenium/selenium-edge-driver/3.11.0/selenium-edge-driver-3.11.0.jar:/Users/taseerahmad/.m2/repository/org/seleniumhq/selenium/selenium-firefox-driver/3.11.0/selenium-firefox-driver-3.11.0.jar:/Users/taseerahmad/.m2/repository/org/seleniumhq/selenium/selenium-ie-driver/3.11.0/selenium-ie-driver-3.11.0.jar:/Users/taseerahmad/.m2/repository/org/seleniumhq/selenium/selenium-opera-driver/3.11.0/selenium-opera-driver-3.11.0.jar:/Users/taseerahmad/.m2/repository/org/seleniumhq/selenium/selenium-remote-driver/3.11.0/selenium-remote-driver-3.11.0.jar:/Users/taseerahmad/.m2/repository/org/seleniumhq/selenium/selenium-safari-driver/3.11.0/selenium-safari-driver-3.11.0.jar:/Users/taseerahmad/.m2/repository/org/seleniumhq/selenium/selenium-support/3.11.0/selenium-support-3.11.0.jar:/Users/taseerahmad/.m2/repository/net/bytebuddy/byte-buddy/1.7.9/byte-buddy-1.7.9.jar:/Users/taseerahmad/.m2/repository/org/apache/commons/commons-exec/1.3/commons-exec-1.3.jar:/Users/taseerahmad/.m2/repository/commons-codec/commons-codec/1.10/commons-codec-1.10.jar:/Users/taseerahmad/.m2/repository/commons-logging/commons-logging/1.2/commons-logging-1.2.jar:/Users/taseerahmad/.m2/repository/com/google/code/gson/gson/2.8.2/gson-2.8.2.jar:/Users/taseerahmad/.m2/repository/com/google/guava/guava/23.6-jre/guava-23.6-jre.jar:/Users/taseerahmad/.m2/repository/com/google/code/findbugs/jsr305/1.3.9/jsr305-1.3.9.jar:/Users/taseerahmad/.m2/repository/org/checkerframework/checker-compat-qual/2.0.0/checker-compat-qual-2.0.0.jar:/Users/taseerahmad/.m2/repository/com/google/errorprone/error_prone_annotations/2.1.3/error_prone_annotations-2.1.3.jar:/Users/taseerahmad/.m2/repository/com/google/j2objc/j2objc-annotations/1.1/j2objc-annotations-1.1.jar:/Users/taseerahmad/.m2/repository/org/codehaus/mojo/animal-sniffer-annotations/1.14/animal-sniffer-annotations-1.14.jar:/Users/taseerahmad/.m2/repository/org/apache/httpcomponents/httpclient/4.5.3/httpclient-4.5.3.jar:/Users/taseerahmad/.m2/repository/org/apache/httpcomponents/httpcore/4.4.6/httpcore-4.4.6.jar:/Users/taseerahmad/.m2/repository/com/squareup/okhttp3/okhttp/3.9.1/okhttp-3.9.1.jar:/Users/taseerahmad/.m2/repository/com/squareup/okio/okio/1.13.0/okio-1.13.0.jar:/Users/taseerahmad/.m2/repository/junit/junit/4.12/junit-4.12.jar:/Users/taseerahmad/.m2/repository/org/hamcrest/hamcrest-core/1.3/hamcrest-core-1.3.jar:/Users/taseerahmad/.m2/repository/info/cukes/cucumber-junit/1.2.5/cucumber-junit-1.2.5.jar:/Users/taseerahmad/.m2/repository/info/cukes/cucumber-core/1.2.5/cucumber-core-1.2.5.jar:/Users/taseerahmad/.m2/repository/info/cukes/cucumber-html/0.2.3/cucumber-html-0.2.3.jar:/Users/taseerahmad/.m2/repository/info/cukes/cucumber-java/1.2.5/cucumber-java-1.2.5.jar:/Users/taseerahmad/.m2/repository/info/cukes/cucumber-jvm-deps/1.0.5/cucumber-jvm-deps-1.0.5.jar:/Users/taseerahmad/.m2/repository/info/cukes/gherkin/2.12.2/gherkin-2.12.2.jar:/Users/taseerahmad/.m2/repository/org/hamcrest/hamcrest-all/1.3/hamcrest-all-1.3.jar:/Users/taseerahmad/.m2/repository/info/cukes/cucumber-picocontainer/1.2.5/cucumber-picocontainer-1.2.5.jar:/Users/taseerahmad/.m2/repository/org/picocontainer/picocontainer/2.15/picocontainer-2.15.jar:/Users/taseerahmad/.m2/repository/info/cukes/cucumber-testng/1.2.5/cucumber-testng-1.2.5.jar:/Users/taseerahmad/.m2/repository/org/testng/testng/6.9.10/testng-6.9.10.jar:/Users/taseerahmad/.m2/repository/com/beust/jcommander/1.48/jcommander-1.48.jar:/Users/taseerahmad/.m2/repository/org/beanshell/bsh/2.0b4/bsh-2.0b4.jar:/Users/taseerahmad/.m2/repository/com/vimalselvam/cucumber-extentsreport/3.0.2/cucumber-extentsreport-3.0.2.jar:/Users/taseerahmad/.m2/repository/com/aventstack/extentreports/3.1.2/extentreports-3.1.2.jar:/Users/taseerahmad/.m2/repository/org/mongodb/mongodb-driver/3.3.0/mongodb-driver-3.3.0.jar:/Users/taseerahmad/.m2/repository/org/mongodb/bson/3.3.0/bson-3.3.0.jar:/Users/taseerahmad/.m2/repository/org/mongodb/mongodb-driver-core/3.3.0/mongodb-driver-core-3.3.0.jar:/Users/taseerahmad/.m2/repository/org/apache/httpcomponents/httpmime/4.5.2/httpmime-4.5.2.jar:/Users/taseerahmad/.m2/repository/org/jsoup/jsoup/1.9.2/jsoup-1.9.2.jar:/Users/taseerahmad/.m2/repository/org/freemarker/freemarker/2.3.26-incubating/freemarker-2.3.26-incubating.jar:/Users/taseerahmad/.m2/repository/net/masterthought/cucumber-reporting/3.6.0/cucumber-reporting-3.6.0.jar:/Users/taseerahmad/.m2/repository/org/apache/logging/log4j/log4j-api/2.6/log4j-api-2.6.jar:/Users/taseerahmad/.m2/repository/org/apache/logging/log4j/log4j-core/2.6/log4j-core-2.6.jar:/Users/taseerahmad/.m2/repository/com/fasterxml/jackson/core/jackson-databind/2.8.5/jackson-databind-2.8.5.jar:/Users/taseerahmad/.m2/repository/com/fasterxml/jackson/core/jackson-annotations/2.8.0/jackson-annotations-2.8.0.jar:/Users/taseerahmad/.m2/repository/com/fasterxml/jackson/core/jackson-core/2.8.5/jackson-core-2.8.5.jar:/Users/taseerahmad/.m2/repository/org/apache/velocity/velocity/1.7/velocity-1.7.jar:/Users/taseerahmad/.m2/repository/commons-collections/commons-collections/3.2.1/commons-collections-3.2.1.jar:/Users/taseerahmad/.m2/repository/commons-lang/commons-lang/2.4/commons-lang-2.4.jar:/Users/taseerahmad/.m2/repository/velocity-tools/velocity-tools/1.4/velocity-tools-1.4.jar:/Users/taseerahmad/.m2/repository/joda-time/joda-time/2.9.6/joda-time-2.9.6.jar:/Users/taseerahmad/.m2/repository/org/apache/commons/commons-lang3/3.5/commons-lang3-3.5.jar:/Users/taseerahmad/.m2/repository/net/lingala/zip4j/zip4j/1.3.2/zip4j-1.3.2.jar:/Users/taseerahmad/.m2/repository/org/codehaus/plexus/plexus-utils/3.0.24/plexus-utils-3.0.24.jar:/Users/taseerahmad/.m2/repository/commons-io/commons-io/2.6/commons-io-2.6.jar:"/>
    <property name="java.vm.vendor" value="Oracle Corporation"/>
    <property name="sun.arch.data.model" value="64"/>
    <property name="java.vendor.url" value="https://openjdk.java.net/"/>
    <property name="user.timezone" value="Europe/London"/>
    <property name="java.vm.specification.version" value="11"/>
    <property name="os.name" value="Mac OS X"/>
    <property name="sun.java.launcher" value="SUN_STANDARD"/>
    <property name="user.country" value="PK"/>
    <property name="sun.boot.library.path" value="/Library/Java/JavaVirtualMachines/jdk-11.0.7.jdk/Contents/Home/lib"/>
    <property name="sun.java.command" value="/Users/taseerahmad/Desktop/patchwork/target/surefire/surefirebooter4988336822461195515.jar /Users/taseerahmad/Desktop/patchwork/target/surefire 2021-05-02T13-17-03_251-jvmRun1 surefire4475534336729104615tmp surefire_0298373348766223075tmp"/>
    <property name="http.nonProxyHosts" value="local|*.local|169.254/16|*.169.254/16"/>
    <property name="jdk.debug" value="release"/>
    <property name="surefire.test.class.path" value="/Users/taseerahmad/Desktop/patchwork/target/test-classes:/Users/taseerahmad/Desktop/patchwork/target/classes:/Users/taseerahmad/.m2/repository/org/seleniumhq/selenium/selenium-java/3.11.0/selenium-java-3.11.0.jar:/Users/taseerahmad/.m2/repository/org/seleniumhq/selenium/selenium-api/3.11.0/selenium-api-3.11.0.jar:/Users/taseerahmad/.m2/repository/org/seleniumhq/selenium/selenium-chrome-driver/3.11.0/selenium-chrome-driver-3.11.0.jar:/Users/taseerahmad/.m2/repository/org/seleniumhq/selenium/selenium-edge-driver/3.11.0/selenium-edge-driver-3.11.0.jar:/Users/taseerahmad/.m2/repository/org/seleniumhq/selenium/selenium-firefox-driver/3.11.0/selenium-firefox-driver-3.11.0.jar:/Users/taseerahmad/.m2/repository/org/seleniumhq/selenium/selenium-ie-driver/3.11.0/selenium-ie-driver-3.11.0.jar:/Users/taseerahmad/.m2/repository/org/seleniumhq/selenium/selenium-opera-driver/3.11.0/selenium-opera-driver-3.11.0.jar:/Users/taseerahmad/.m2/repository/org/seleniumhq/selenium/selenium-remote-driver/3.11.0/selenium-remote-driver-3.11.0.jar:/Users/taseerahmad/.m2/repository/org/seleniumhq/selenium/selenium-safari-driver/3.11.0/selenium-safari-driver-3.11.0.jar:/Users/taseerahmad/.m2/repository/org/seleniumhq/selenium/selenium-support/3.11.0/selenium-support-3.11.0.jar:/Users/taseerahmad/.m2/repository/net/bytebuddy/byte-buddy/1.7.9/byte-buddy-1.7.9.jar:/Users/taseerahmad/.m2/repository/org/apache/commons/commons-exec/1.3/commons-exec-1.3.jar:/Users/taseerahmad/.m2/repository/commons-codec/commons-codec/1.10/commons-codec-1.10.jar:/Users/taseerahmad/.m2/repository/commons-logging/commons-logging/1.2/commons-logging-1.2.jar:/Users/taseerahmad/.m2/repository/com/google/code/gson/gson/2.8.2/gson-2.8.2.jar:/Users/taseerahmad/.m2/repository/com/google/guava/guava/23.6-jre/guava-23.6-jre.jar:/Users/taseerahmad/.m2/repository/com/google/code/findbugs/jsr305/1.3.9/jsr305-1.3.9.jar:/Users/taseerahmad/.m2/repository/org/checkerframework/checker-compat-qual/2.0.0/checker-compat-qual-2.0.0.jar:/Users/taseerahmad/.m2/repository/com/google/errorprone/error_prone_annotations/2.1.3/error_prone_annotations-2.1.3.jar:/Users/taseerahmad/.m2/repository/com/google/j2objc/j2objc-annotations/1.1/j2objc-annotations-1.1.jar:/Users/taseerahmad/.m2/repository/org/codehaus/mojo/animal-sniffer-annotations/1.14/animal-sniffer-annotations-1.14.jar:/Users/taseerahmad/.m2/repository/org/apache/httpcomponents/httpclient/4.5.3/httpclient-4.5.3.jar:/Users/taseerahmad/.m2/repository/org/apache/httpcomponents/httpcore/4.4.6/httpcore-4.4.6.jar:/Users/taseerahmad/.m2/repository/com/squareup/okhttp3/okhttp/3.9.1/okhttp-3.9.1.jar:/Users/taseerahmad/.m2/repository/com/squareup/okio/okio/1.13.0/okio-1.13.0.jar:/Users/taseerahmad/.m2/repository/junit/junit/4.12/junit-4.12.jar:/Users/taseerahmad/.m2/repository/org/hamcrest/hamcrest-core/1.3/hamcrest-core-1.3.jar:/Users/taseerahmad/.m2/repository/info/cukes/cucumber-junit/1.2.5/cucumber-junit-1.2.5.jar:/Users/taseerahmad/.m2/repository/info/cukes/cucumber-core/1.2.5/cucumber-core-1.2.5.jar:/Users/taseerahmad/.m2/repository/info/cukes/cucumber-html/0.2.3/cucumber-html-0.2.3.jar:/Users/taseerahmad/.m2/repository/info/cukes/cucumber-java/1.2.5/cucumber-java-1.2.5.jar:/Users/taseerahmad/.m2/repository/info/cukes/cucumber-jvm-deps/1.0.5/cucumber-jvm-deps-1.0.5.jar:/Users/taseerahmad/.m2/repository/info/cukes/gherkin/2.12.2/gherkin-2.12.2.jar:/Users/taseerahmad/.m2/repository/org/hamcrest/hamcrest-all/1.3/hamcrest-all-1.3.jar:/Users/taseerahmad/.m2/repository/info/cukes/cucumber-picocontainer/1.2.5/cucumber-picocontainer-1.2.5.jar:/Users/taseerahmad/.m2/repository/org/picocontainer/picocontainer/2.15/picocontainer-2.15.jar:/Users/taseerahmad/.m2/repository/info/cukes/cucumber-testng/1.2.5/cucumber-testng-1.2.5.jar:/Users/taseerahmad/.m2/repository/org/testng/testng/6.9.10/testng-6.9.10.jar:/Users/taseerahmad/.m2/repository/com/beust/jcommander/1.48/jcommander-1.48.jar:/Users/taseerahmad/.m2/repository/org/beanshell/bsh/2.0b4/bsh-2.0b4.jar:/Users/taseerahmad/.m2/repository/com/vimalselvam/cucumber-extentsreport/3.0.2/cucumber-extentsreport-3.0.2.jar:/Users/taseerahmad/.m2/repository/com/aventstack/extentreports/3.1.2/extentreports-3.1.2.jar:/Users/taseerahmad/.m2/repository/org/mongodb/mongodb-driver/3.3.0/mongodb-driver-3.3.0.jar:/Users/taseerahmad/.m2/repository/org/mongodb/bson/3.3.0/bson-3.3.0.jar:/Users/taseerahmad/.m2/repository/org/mongodb/mongodb-driver-core/3.3.0/mongodb-driver-core-3.3.0.jar:/Users/taseerahmad/.m2/repository/org/apache/httpcomponents/httpmime/4.5.2/httpmime-4.5.2.jar:/Users/taseerahmad/.m2/repository/org/jsoup/jsoup/1.9.2/jsoup-1.9.2.jar:/Users/taseerahmad/.m2/repository/org/freemarker/freemarker/2.3.26-incubating/freemarker-2.3.26-incubating.jar:/Users/taseerahmad/.m2/repository/net/masterthought/cucumber-reporting/3.6.0/cucumber-reporting-3.6.0.jar:/Users/taseerahmad/.m2/repository/org/apache/logging/log4j/log4j-api/2.6/log4j-api-2.6.jar:/Users/taseerahmad/.m2/repository/org/apache/logging/log4j/log4j-core/2.6/log4j-core-2.6.jar:/Users/taseerahmad/.m2/repository/com/fasterxml/jackson/core/jackson-databind/2.8.5/jackson-databind-2.8.5.jar:/Users/taseerahmad/.m2/repository/com/fasterxml/jackson/core/jackson-annotations/2.8.0/jackson-annotations-2.8.0.jar:/Users/taseerahmad/.m2/repository/com/fasterxml/jackson/core/jackson-core/2.8.5/jackson-core-2.8.5.jar:/Users/taseerahmad/.m2/repository/org/apache/velocity/velocity/1.7/velocity-1.7.jar:/Users/taseerahmad/.m2/repository/commons-collections/commons-collections/3.2.1/commons-collections-3.2.1.jar:/Users/taseerahmad/.m2/repository/commons-lang/commons-lang/2.4/commons-lang-2.4.jar:/Users/taseerahmad/.m2/repository/velocity-tools/velocity-tools/1.4/velocity-tools-1.4.jar:/Users/taseerahmad/.m2/repository/joda-time/joda-time/2.9.6/joda-time-2.9.6.jar:/Users/taseerahmad/.m2/repository/org/apache/commons/commons-lang3/3.5/commons-lang3-3.5.jar:/Users/taseerahmad/.m2/repository/net/lingala/zip4j/zip4j/1.3.2/zip4j-1.3.2.jar:/Users/taseerahmad/.m2/repository/org/codehaus/plexus/plexus-utils/3.0.24/plexus-utils-3.0.24.jar:/Users/taseerahmad/.m2/repository/commons-io/commons-io/2.6/commons-io-2.6.jar:"/>
    <property name="sun.cpu.endian" value="little"/>
    <property name="user.home" value="/Users/taseerahmad"/>
    <property name="user.language" value="en"/>
    <property name="java.specification.vendor" value="Oracle Corporation"/>
    <property name="java.version.date" value="2020-04-14"/>
    <property name="java.home" value="/Library/Java/JavaVirtualMachines/jdk-11.0.7.jdk/Contents/Home"/>
    <property name="file.separator" value="/"/>
    <property name="basedir" value="/Users/taseerahmad/Desktop/patchwork"/>
    <property name="java.vm.compressedOopsMode" value="Zero based"/>
    <property name="line.separator" value="&#10;"/>
    <property name="java.specification.name" value="Java Platform API Specification"/>
    <property name="java.vm.specification.vendor" value="Oracle Corporation"/>
    <property name="java.awt.graphicsenv" value="sun.awt.CGraphicsEnvironment"/>
    <property name="surefire.real.class.path" value="/Users/taseerahmad/Desktop/patchwork/target/surefire/surefirebooter4988336822461195515.jar"/>
    <property name="sun.management.compiler" value="HotSpot 64-Bit Tiered Compilers"/>
    <property name="ftp.nonProxyHosts" value="local|*.local|169.254/16|*.169.254/16"/>
    <property name="java.runtime.version" value="11.0.7+8-LTS"/>
    <property name="user.name" value="taseerahmad"/>
    <property name="path.separator" value=":"/>
    <property name="os.version" value="10.16"/>
    <property name="java.runtime.name" value="Java(TM) SE Runtime Environment"/>
    <property name="file.encoding" value="US-ASCII"/>
    <property name="java.vm.name" value="Java HotSpot(TM) 64-Bit Server VM"/>
    <property name="java.vendor.version" value="18.9"/>
    <property name="localRepository" value="/Users/taseerahmad/.m2/repository"/>
    <property name="java.vendor.url.bug" value="https://bugreport.java.com/bugreport/"/>
    <property name="java.io.tmpdir" value="/var/folders/fj/9_1dg_cj2hldfwp65jzyx2dm0000gn/T/"/>
    <property name="java.version" value="11.0.7"/>
    <property name="user.dir" value="/Users/taseerahmad/Desktop/patchwork"/>
    <property name="os.arch" value="x86_64"/>
    <property name="java.vm.specification.name" value="Java Virtual Machine Specification"/>
    <property name="java.awt.printerjob" value="sun.lwawt.macosx.CPrinterJob"/>
    <property name="sun.os.patch.level" value="unknown"/>
    <property name="java.library.path" value="/Users/taseerahmad/Library/Java/Extensions:/Library/Java/Extensions:/Network/Library/Java/Extensions:/System/Library/Java/Extensions:/usr/lib/java:."/>
    <property name="java.vendor" value="Oracle Corporation"/>
    <property name="java.vm.info" value="mixed mode"/>
    <property name="java.vm.version" value="11.0.7+8-LTS"/>
    <property name="sun.io.unicode.encoding" value="UnicodeBig"/>
    <property name="java.class.version" value="55.0"/>
    <property name="socksNonProxyHosts" value="local|*.local|169.254/16|*.169.254/16"/>
  </properties>
  <testcase name="feature[As an Authentic user I should be able to login and perform a search](1)" classname="runners.TestRunner" time="39.497">
    <system-out><![CDATA[[TestNGContentHandler] [WARN] It is strongly recommended to add "<!DOCTYPE suite SYSTEM "http://testng.org/testng-1.0.dtd" >" at the top of your file, otherwise TestNG may fail or not work as expected.
Feature: As an Authentic user I should be able to login and perform a search

  Scenario Outline: Authentic user should successfully login # Login.feature:7
    When I enter "<valid email>" and "<valid password>"
    Then I should successfully login and make a search

    Examples: 

  Background:                # Login.feature:3
    Given I am on login page # LoginSteps.i_am_on_login_page()

  Scenario Outline: Authentic user should successfully login # Login.feature:12
    When I enter "taseer6@hotmail.com" and "12345"           # LoginSteps.i_enter_and(String,String)
    Then I should successfully login and make a search       # LoginSteps.i_should_successfully_login_and_make_a_search()

  Scenario Outline: Invalid user should get warning notification # Login.feature:14
    When I enter "<invalid email>" and "<invalid password>"
    Then I should get login warning notification

    Examples: 

  Background:                # Login.feature:3
    Given I am on login page # LoginSteps.i_am_on_login_page()

  Scenario Outline: Invalid user should get warning notification # Login.feature:19
    When I enter "wrongemail@hotmail.com" and "12345"            # LoginSteps.i_enter_and(String,String)
    Then I should get login warning notification                 # LoginSteps.i_should_get_login_warning_notification()

  Background:                # Login.feature:3
    Given I am on login page # LoginSteps.i_am_on_login_page()

  Scenario Outline: Invalid user should get warning notification # Login.feature:20
    When I enter "taseer66@hotmail.com" and "wrongpassword"      # LoginSteps.i_enter_and(String,String)
    Then I should get login warning notification                 # LoginSteps.i_should_get_login_warning_notification()
]]></system-out>
    <system-err><![CDATA[Starting ChromeDriver 90.0.4430.24 (4c6d850f087da467d926e8eddb76550aed655991-refs/branch-heads/4430@{#429}) on port 10195
Only local connections are allowed.
Please see https://chromedriver.chromium.org/security-considerations for suggestions on keeping ChromeDriver safe.
ChromeDriver was started successfully.
May 02, 2021 1:17:11 PM org.openqa.selenium.remote.ProtocolHandshake createSession
INFO: Detected dialect: W3C
Starting ChromeDriver 90.0.4430.24 (4c6d850f087da467d926e8eddb76550aed655991-refs/branch-heads/4430@{#429}) on port 5639
Only local connections are allowed.
Please see https://chromedriver.chromium.org/security-considerations for suggestions on keeping ChromeDriver safe.
ChromeDriver was started successfully.
May 02, 2021 1:17:23 PM org.openqa.selenium.remote.ProtocolHandshake createSession
INFO: Detected dialect: W3C
Starting ChromeDriver 90.0.4430.24 (4c6d850f087da467d926e8eddb76550aed655991-refs/branch-heads/4430@{#429}) on port 25087
Only local connections are allowed.
Please see https://chromedriver.chromium.org/security-considerations for suggestions on keeping ChromeDriver safe.
ChromeDriver was started successfully.
May 02, 2021 1:17:33 PM org.openqa.selenium.remote.ProtocolHandshake createSession
INFO: Detected dialect: W3C
]]></system-err>
  </testcase>
</testsuite>