<?xml version="1.0" encoding="UTF-8"?>
<!-- Generated by org.testng.reporters.JUnitReportReporter -->
<testsuite hostname="Taseers-MacBook-Pro.local" failures="0" tests="1" name="runners.MainRunner" time="33.358" errors="0" timestamp="1 May 2021 00:23:52 GMT">
  <testcase classname="runners.MainRunner" name="feature" time="33.358"/>
</testsuite> <!-- runners.MainRunner -->
