<?xml version="1.0" encoding="UTF-8"?>
<!-- Generated by org.testng.reporters.JUnitReportReporter -->
<testsuite hostname="Taseers-MacBook-Pro.local" failures="0" tests="1" name="runners.MainRunner" time="33.989" errors="0" timestamp="2 May 2021 17:47:16 GMT">
  <testcase classname="runners.MainRunner" name="feature" time="33.989"/>
</testsuite> <!-- runners.MainRunner -->
