<?xml version="1.0" encoding="UTF-8"?>
<!-- Generated by org.testng.reporters.JUnitReportReporter -->
<testsuite hostname="Taseers-MacBook-Pro.local" failures="0" tests="1" name="runners.MainRunner" time="45.217" errors="0" timestamp="2 May 2021 18:15:59 GMT">
  <testcase classname="runners.MainRunner" name="feature" time="45.217"/>
</testsuite> <!-- runners.MainRunner -->
